<?xml version="1.0" encoding="UTF-8"?>
<!-- Generated by org.testng.reporters.JUnitReportReporter -->
<testsuite skipped="0" hostname="DESKTOP-ONQP60F" name="com.createcontactwithbaseclass.TC_01createcontact" tests="1" failures="0" timestamp="2021-11-06T12:29:13 IST" time="17.415" errors="0">
  <testcase name="createContact" time="17.415" classname="com.createcontactwithbaseclass.TC_01createcontact"/>
  <system-out/>
</testsuite> <!-- com.createcontactwithbaseclass.TC_01createcontact -->
