<?xml version="1.0" encoding="UTF-8"?>
<!-- Generated by org.testng.reporters.JUnitReportReporter -->
<testsuite skipped="0" hostname="DESKTOP-ONQP60F" name="com.createcontactwithbaseclass.TC_02createcontactswithbaseclass" tests="1" failures="0" timestamp="2021-11-06T12:29:13 IST" time="23.180" errors="0">
  <testcase name="createContact" time="23.180" classname="com.createcontactwithbaseclass.TC_02createcontactswithbaseclass"/>
  <system-out/>
</testsuite> <!-- com.createcontactwithbaseclass.TC_02createcontactswithbaseclass -->
